1585582473016	mozrunner::runner	INFO	Running command: "C:\\Program Files\\Firefox Developer Edition\\firefox.exe" "-marionette" "-foreground" "-no-remote" "-profile" "C:\\Users\\Admin\\AppData\\Local\\Temp\\rust_mozprofile1fFV0G"
1585582474098	addons.webextension.screenshots@mozilla.org	WARN	Loading extension 'screenshots@mozilla.org': Reading manifest: Invalid extension permission: mozillaAddons
1585582474098	addons.webextension.screenshots@mozilla.org	WARN	Loading extension 'screenshots@mozilla.org': Reading manifest: Invalid extension permission: telemetry
1585582474099	addons.webextension.screenshots@mozilla.org	WARN	Loading extension 'screenshots@mozilla.org': Reading manifest: Invalid extension permission: resource://pdf.js/
1585582474099	addons.webextension.screenshots@mozilla.org	WARN	Loading extension 'screenshots@mozilla.org': Reading manifest: Invalid extension permission: about:reader*
JavaScript error: resource://gre/modules/XULStore.jsm, line 66: Error: Can't find profile directory.
1585582478123	Marionette	INFO	Listening on port 50246
1585582478549	Marionette	WARN	TLS certificate errors will be ignored for this session
1585582479092	Marionette	INFO	Stopped listening on port 50246
JavaScript error: resource://activity-stream/lib/ActivityStreamPrefs.jsm, line 27: NS_ERROR_ILLEGAL_VALUE: Component returned failure code: 0x80070057 (NS_ERROR_ILLEGAL_VALUE) [nsIPrefBranch.removeObserver]
[Child 3664, Chrome_ChildThread] WARNING: pipe error: 109: file z:/task_1563464451/build/src/ipc/chromium/src/chrome/common/ipc_channel_win.cc, line 341
[Child 3664, Chrome_ChildThread] WARNING: pipe error: 109: file z:/task_1563464451/build/src/ipc/chromium/src/chrome/common/ipc_channel_win.cc, line 341
[Child 3716, Chrome_ChildThread] WARNING: pipe error: 109: file z:/task_1563464451/build/src/ipc/chromium/src/chrome/common/ipc_channel_win.cc, line 341
[Child 3716, Chrome_ChildThread] WARNING: pipe error: 109: file z:/task_1563464451/build/src/ipc/chromium/src[Child 3272, Chrome_ChildThread] WARNING: pipe error: 109: file z:/task_1563464451/build/src/ipc/chromium/src/chrome/common/ipc_channel_win.cc, line 341
JavaScript error: resource://gre/modules/JSONFile.jsm, line 173: Error: Data is not ready.
console.error: PushService: 
console.log: "RemoteSettingsWorker error: UnknownError: The operation failed for reasons unrelated to the database itself and not covered by any other error code."
  clearOriginData: Error clearing origin data:
  UnknownError
console.error: PushService: 
  stateChangeProcessEnqueue: Error transitioning state
  UnknownError

###!!! [Parent][DispatchAsyncMessage] Error: PBackgroundIDBFactory::Msg_PBackgroundIDBFactoryRequestConstructor Value error: message was deserialized, but contained an illegal value


###!!! [Parent][DispatchAsyncMessage] Error: PBackgroundIDBFactory::Msg_PBackgroundIDBFactoryRequestConstructor Value error: message was deserialized, but contained an illegal value

JavaScript error: resource://services-common/kinto-offline-client.js, line 579: Error: IndexedDB getLastModified() The operation failed for reasons unrelated to the database itself and not covered by any other error code.
[GPU 8100, C
###!!! [Child][RunMessage] Error: Channel closing: too late to send/recv, messages will be lost

1585583385447	mozrunner::runner	INFO	Running command: "C:\\Program Files\\Firefox Developer Edition\\firefox.exe" "-marionette" "-foreground" "-no-remote" "-profile" "C:\\Users\\Admin\\AppData\\Local\\Temp\\rust_mozprofileq2od6b"
1585583386221	addons.webextension.screenshots@mozilla.org	WARN	Loading extension 'screenshots@mozilla.org': Reading manifest: Invalid extension permission: mozillaAddons
1585583386221	addons.webextension.screenshots@mozilla.org	WARN	Loading extension 'screenshots@mozilla.org': Reading manifest: Invalid extension permission: telemetry
1585583386221	addons.webextension.screenshots@mozilla.org	WARN	Loading extension 'screenshots@mozilla.org': Reading manifest: Invalid extension permission: resource://pdf.js/
1585583386222	addons.webextension.screenshots@mozilla.org	WARN	Loading extension 'screenshots@mozilla.org': Reading manifest: Invalid extension permission: about:reader*
JavaScript error: resource://gre/modules/XULStore.jsm, line 66: Error: Can't find profile directory.
1585583390091	Marionette	INFO	Listening on port 50443
1585583390438	Marionette	WARN	TLS certificate errors will be ignored for this session
1585583391110	Marionette	INFO	Stopped listening on port 50443
JavaScript error: resource://activity-stream/lib/ActivityStreamPrefs.jsm, line 27: NS_ERROR_ILLEGAL_VALUE: Component returned failure code: 0x80070057 (NS_ERROR_ILLEGAL_VALUE) [nsIPrefBranch.removeObserver]
[Child 3920, Chrome_ChildThread] WARNING: pipe error: 109: file z:/task_1563464451/build/src/ipc/chromium/src/chrome/common/ipc_channel_win.cc, line 341
[Child 3920, Chrome_ChildThread] WARNING: pipe error: 109: file z:/task_1563464451/build/src[Child 6760, Chrome_ChildThread] WARNING: pipe error: 109: file z:/task_1563464451/build/src/ipc/chromium/src/chrome/common/ipc_channel_win.cc, line 341
[Child 6760, Chrome_ChildThread] WARNING: pipe error: 109: file z:/task_1563464451/build/src/ipc/chromium/src/chrome/common/ipc_channel_win.cc, line 341
[Parent 7420, Gecko_IOThread] WARNING: pipe error: 109: file z:/task_1563464451/build/src/ipc/chromium/src/chrome/common/ipc_channel_win.cc, line 341
[Child 696, Chrome_ChildThread] WARNING: pipe error: 109: file z:/task_1563464451/build/src/ipc/chromium/src/chrome/common/ipc_channel_win.cc, line 341
[Child 696, Chrome_ChildThread] WARNING: pipe error: 109: file z:/task_1563464451/build/src/ipc/chromium/src/chrome/common/ipc_channel_win.cc, line 341
JavaScript error: resource://gre/modules/JSONFile.jsm, line 173: Error: Data is not ready.
console.error: PushService: 
  clearOriginData: Error clearing origin data:
  UnknownError
console.error: PushService: 
  stateChangeProcessEnqueue: Error transitioning state
  UnknownError

###!!! [Parent][DispatchAsyncMessage] Error: PBackgroundIDBFactory::Msg_PBackgroundIDBFactoryRequestConstructor Value error: message was deserialized, but contained an illegal value


###!!! [Parent][DispatchAsyncMessage] Error: PBackgroundIDBFactory::Msg_PBackgroundIDBFactoryRequestConstructor Value error: message was deserialized, but contained an illegal value

JavaScript error: resource://services-common/kinto-offline-client.js, line 579: Error: IndexedDB getLastModified() The operation failed for reasons unrelated to the database itself and not covered by any other error code.
console.log: "RemoteSettingsWorker error: UnknownError: The operation failed for reasons unrelated to the database itself and not covered by any other error code."
[GPU 3332, 
###!!! [Child][RunMessage] Error: Channel closing: too late to send/recv, messages will be lost


###!!! [Child][MessageChannel::SendAndWait] Error: Channel error: cannot send/recv

1585583396355	mozrunner::runner	INFO	Running command: "C:\\Program Files\\Firefox Developer Edition\\firefox.exe" "-marionette" "-foreground" "-no-remote" "-profile" "C:\\Users\\Admin\\AppData\\Local\\Temp\\rust_mozprofileQogwF5"
1585583397354	addons.webextension.screenshots@mozilla.org	WARN	Loading extension 'screenshots@mozilla.org': Reading manifest: Invalid extension permission: mozillaAddons
1585583397355	addons.webextension.screenshots@mozilla.org	WARN	Loading extension 'screenshots@mozilla.org': Reading manifest: Invalid extension permission: telemetry
1585583397355	addons.webextension.screenshots@mozilla.org	WARN	Loading extension 'screenshots@mozilla.org': Reading manifest: Invalid extension permission: resource://pdf.js/
1585583397355	addons.webextension.screenshots@mozilla.org	WARN	Loading extension 'screenshots@mozilla.org': Reading manifest: Invalid extension permission: about:reader*
JavaScript error: resource://gre/modules/XULStore.jsm, line 66: Error: Can't find profile directory.
1585583401429	Marionette	INFO	Listening on port 50476
1585583401794	Marionette	WARN	TLS certificate errors will be ignored for this session
1585583402340	Marionette	INFO	Stopped listening on port 50476
JavaScript error: resource://activity-stream/lib/ActivityStreamPrefs.jsm, line 27: NS_ERROR_ILLEGAL_VALUE: Component returned failure code: 0x80070057 (NS_ERROR_ILLEGAL_VALUE) [nsIPrefBranch.removeObserver]
[Child 8760, Chrome_ChildThread] WARNING: pipe error: 109: file z:/task_1563464451/build/src/ipc/chromium/src/chrome/common/ipc_channel_win.cc, line 341
[Child 8760, Chrome_ChildThread] WARNING: pipe error: 109: file z:/task_1[Parent 8452, Gecko_IOThread] WARNING: pipe error: 109: file z:/task_1563464451/build/src/ipc/chromium/src/chrome/common/ipc_channel_win.cc, line 341
[Child 8840, Chrome_ChildThread] WARNING: pipe error: 109: file z:/task_1563464451/build/src/ipc/chromium/src/chrome/common/ipc_channel_win.cc, line 341
[Child 8840, Chrome_ChildThread] WARNING: pipe error: 109: file z:/task_1563464451/build/src/ipc/chromium/src/chrome/common/ipc_channel_win.cc, line 341
[Child 8708, Chrome_ChildThread] WARNING: pipe error: 109: file z:/task_1563464451/build/src/ipc/chromium/src/chrome/common/ipc_channel_win.cc, line 341
[Child 8708, Chrome_ChildThread] WARNING: pipe error: 109: file z:/task_1563464451/build/src/ipc/chromium/src/chrome/common/ipc_channel_win.cc, line 341
console.log: "RemoteSettingsWorker error: UnknownError: The operation failed for reasons unrelated to the database itself and not covered by any other error code."

###!!! [Parent][DispatchAsyncMessage] Error: PBackgroundIDBFactory::Msg_PBackgroundIDBFactoryRequestConstructor Value error: message was deserialized, but contained an illegal value


###!!! [Parent][DispatchAsyncMessage] Error: PBackgroundIDBFactory::Msg_PBackgroundIDBFactoryRequestConstructor Value error: message was deserialized, but contained an illegal value

JavaScript error: resource://services-common/kinto-offline-client.js, line 579: Error: IndexedDB getLastModified() The operation failed for reasons unrelated to the database itself and not covered by any other error code.

###!!! [Child][RunMessage] Error: Channel closing: too late to send/recv, messages will be lost

[GPU 8608, Chrome_ChildThrea
###!!! [Child][MessageChannel::SendAndWait] Error: (msgtype=0x560005,name=PImageBridge::Msg_WillClose) Channel error: cannot send/recv

1585639497739	mozrunner::runner	INFO	Running command: "C:\\Program Files\\Firefox Developer Edition\\firefox.exe" "-marionette" "-foreground" "-no-remote" "-profile" "C:\\Users\\Admin\\AppData\\Local\\Temp\\rust_mozprofile09usP9"
1585639500982	addons.webextension.screenshots@mozilla.org	WARN	Loading extension 'screenshots@mozilla.org': Reading manifest: Invalid extension permission: mozillaAddons
1585639500982	addons.webextension.screenshots@mozilla.org	WARN	Loading extension 'screenshots@mozilla.org': Reading manifest: Invalid extension permission: telemetry
1585639500983	addons.webextension.screenshots@mozilla.org	WARN	Loading extension 'screenshots@mozilla.org': Reading manifest: Invalid extension permission: resource://pdf.js/
1585639500983	addons.webextension.screenshots@mozilla.org	WARN	Loading extension 'screenshots@mozilla.org': Reading manifest: Invalid extension permission: about:reader*
JavaScript error: resource://gre/modules/XULStore.jsm, line 66: Error: Can't find profile directory.
1585639508539	Marionette	INFO	Listening on port 50169
1585639509049	Marionette	WARN	TLS certificate errors will be ignored for this session
1585639512154	Marionette	INFO	Stopped listening on port 50169
JavaScript error: resource://activity-stream/lib/ActivityStreamPrefs.jsm, line 27: NS_ERROR_ILLEGAL_VALUE: Component returned failure code: 0x80070057 (NS_ERROR_ILLEGAL_VALUE) [nsIPrefBranch.removeObserver]
[Child 6300, Chrome_ChildThread] WARNING: pipe error: 109: file z:/task_1563464451/build/src/ipc/chromium/src/chrome/common/ipc_channel_win.cc, line 341
[Child 6300, Chrome_ChildThread] WARNING: pipe error: 109: file z:/task_1563464451/build/src/ipc/chromium/src/chrome/common/ipc_channel_win.cc, line 341
[Parent 1972, Gecko_IOThread] WARNING: pipe error: 109: file z:/task_1563464451/build/src/ipc/chromium/src/chrome/common/ipc_channel_win.cc, line 341
[Parent 1972, Gecko_IOThread] WARNING: file z:/task_1563464451/build/src/ipc/chromium/src/base/process_util_win.cc, line 160
[Child 6320, Chrome_ChildThread] WARNING: pipe error: 109: file z:/task_1563464451/build/src/ipc/chromium/src/chrome/common/ipc_channel_win.cc, line 341
[Child 6320, Chrome_ChildThread] WARNING: pipe error: 109: file z:/task_1563464451/build/src/ipc/chromium/src/chrome/common/ipc_channel_win.cc, line 341
[Child 6348, Chrome_ChildThread] WARNING: pipe error: 109: file z:/task_1563464451/build/s[GPU 6948, Chrome_ChildThread] WARNING: pip1585639516696	mozrunner::runner	INFO	Running command: "C:\\Program Files\\Firefox Developer Edition\\firefox.exe" "-marionette" "-foreground" "-no-remote" "-profile" "C:\\Users\\Admin\\AppData\\Local\\Temp\\rust_mozprofilevBO6FI"
1585639517870	addons.webextension.screenshots@mozilla.org	WARN	Loading extension 'screenshots@mozilla.org': Reading manifest: Invalid extension permission: mozillaAddons
1585639517870	addons.webextension.screenshots@mozilla.org	WARN	Loading extension 'screenshots@mozilla.org': Reading manifest: Invalid extension permission: telemetry
1585639517870	addons.webextension.screenshots@mozilla.org	WARN	Loading extension 'screenshots@mozilla.org': Reading manifest: Invalid extension permission: resource://pdf.js/
1585639517870	addons.webextension.screenshots@mozilla.org	WARN	Loading extension 'screenshots@mozilla.org': Reading manifest: Invalid extension permission: about:reader*
JavaScript error: resource://gre/modules/XULStore.jsm, line 66: Error: Can't find profile directory.
1585639521072	Marionette	INFO	Listening on port 50208
1585639521109	Marionette	WARN	TLS certificate errors will be ignored for this session
1585639521405	Marionette	INFO	Stopped listening on port 50208
JavaScript error: resource://activity-stream/lib/ActivityStreamPrefs.jsm, line 27: NS_ERROR_ILLEGAL_VALUE: Component returned failure code: 0x80070057 (NS_ERROR_ILLEGAL_VALUE) [nsIPrefBranch.removeObserver]
[Child 6560, Chrome_ChildThread] WARNING: pipe error: 109: file z:/task_1563464451/build/src/ipc/chromium/src/chrome/common/ipc_channel_win.cc, line 341
[Child 6560, Chrome_ChildThread] WARNING: pipe error: 109: f[Child 6428, Chrome_ChildThread] WARNING: pipe error: 109: file z:/task_1563464451/build/src/ipc/chromium/src/chrome/common/ipc_channel_win.cc, line 341
[Child 6428, Chrome_ChildThread] WARNING: pipe error: 109: file z:/task_156346[Child 3664, Chrome_ChildThread] WARNING: pipe error: 109: file z:/task_1563464451/build/src/ipc/chromium/src/chrome/common/ipc_channel_win.cc, line 341
console.log: "RemoteSettingsWorker error: UnknownError: The operation failed for reasons unrelated to the database itself and not covered by any other error code."
console.error: PushService: 
  clearOriginData: Error clearing origin data:
  UnknownError
console.error: PushService: 
  stateChangeProcessEnqueue: Error transitioning state
  UnknownError

###!!! [Parent][DispatchAsyncMessage] Error: PBackgroundIDBFactory::Msg_PBackgroundIDBFactoryRequestConstructor Value error: message was deserialized, but contained an illegal value


###!!! [Parent][DispatchAsyncMessage] Error: PBackgroundIDBFactory::Msg_PBackgroundIDBFactoryRequestConstructor Value error: message was deserialized, but contained an illegal value

JavaScript error: , line 0: UnknownError: The operation failed for reasons unrelated to the database itself and not covered by any other error code.
JavaScript error: , line 0: UnknownError: The operation failed for reasons unrelated to the database itself and not covered by any other error code.
JavaScript error: resource://services-common/kinto-offline-client.js, line 579: Error: IndexedDB getLastModified() The operation failed for reasons unrelated to the database itself and not covered by any other error code.

###!!! [Child][RunMessage] Error: Channel closing: too late to send/recv, messages will be lost

[GPU 5008, Chrome_ChildT
###!!! [Child][MessageChannel::SendAndWait] Error: Channel error: cannot send/recv

1585639571899	mozrunner::runner	INFO	Running command: "C:\\Program Files\\Firefox Developer Edition\\firefox.exe" "-marionette" "-foreground" "-no-remote" "-profile" "C:\\Users\\Admin\\AppData\\Local\\Temp\\rust_mozprofile7a7HfX"
1585639572723	addons.webextension.screenshots@mozilla.org	WARN	Loading extension 'screenshots@mozilla.org': Reading manifest: Invalid extension permission: mozillaAddons
1585639572723	addons.webextension.screenshots@mozilla.org	WARN	Loading extension 'screenshots@mozilla.org': Reading manifest: Invalid extension permission: telemetry
1585639572724	addons.webextension.screenshots@mozilla.org	WARN	Loading extension 'screenshots@mozilla.org': Reading manifest: Invalid extension permission: resource://pdf.js/
1585639572724	addons.webextension.screenshots@mozilla.org	WARN	Loading extension 'screenshots@mozilla.org': Reading manifest: Invalid extension permission: about:reader*
JavaScript error: resource://gre/modules/XULStore.jsm, line 66: Error: Can't find profile directory.
1585639576445	Marionette	INFO	Listening on port 50239
1585639576858	Marionette	WARN	TLS certificate errors will be ignored for this session
1585639577563	Marionette	INFO	Stopped listening on port 50239
JavaScript error: resource://activity-stream/lib/ActivityStreamPrefs.jsm, line 27: NS_ERROR_ILLEGAL_VALUE: Component returned failure code: 0x80070057 (NS_ERROR_ILLEGAL_VALUE) [nsIPrefBranch.removeObserver]
[Parent 4588, Gecko_IOThread] WARNING: pipe error: 109: file z:/task_1563464451/build/src/ipc/chromium/src/chrome/common/ipc_channel_win.cc, line 341
[Child 6908, Chrome_ChildThread] WARNING: pipe error: 109: file z:/task_1563464451/build/src/ipc/chromium/src/chrome/common/ipc_channel_win.cc, line 341
[Child 6908, Chrome_ChildThread] WARNING: pipe error: 109: file z:/task_1563464451/build/src/ipc/chromium/src/chrome/common/ipc_channel_win.cc, line 341
JavaScript error: resource://gre/modules/ContentPrefServiceParent.jsm, line 167: NS_ERROR_NOT_INITIALIZED: 
JavaScript error: resource://gre/modules/ContentPrefServiceParent.jsm, line 167: NS_ERROR_NOT_INITIALIZED: 
console.error: PushService: 
  clearOriginData: Error clearing origin data:
  UnknownError
console.error: PushService: 
  stateChangeProcessEnqueue: Error transitioning state
  UnknownError

###!!! [Parent][DispatchAsyncMessage] Error: PBackgroundIDBFactory::Msg_PBackgroundIDBFactoryRequestConstructor Value error: message was deserialized, but contained an illegal value


###!!! [Parent][DispatchAsyncMessage] Error: PBackgroundIDBFactory::Msg_PBackgroundIDBFactoryRequestConstructor Value error: message was deserialized, but contained an illegal value

JavaScript error: resource://services-common/kinto-offline-client.js, line 579: Error: IndexedDB getLastModified() The operation failed for reasons unrelated to the database itself and not covered by any other error code.
console.log: "RemoteSettingsWorker error: UnknownError: The operation failed for reasons unrelated to the database itself and not covered by any other error code."

###!!! [Child][RunMessage] Error: Channel closing: too late to send/recv, messages will be lost

[GPU 35[Parent 4588, Gecko_IOThread] WARNING: pipe error: 232: file z:/task_1563464451/build/src/ipc/chromium/src/chrome/common/ipc_channel_win.cc, line 502
1585639582843	mozrunner::runner	INFO	Running command: "C:\\Program Files\\Firefox Developer Edition\\firefox.exe" "-marionette" "-foreground" "-no-remote" "-profile" "C:\\Users\\Admin\\AppData\\Local\\Temp\\rust_mozprofile2idmvK"
1585639583946	addons.webextension.screenshots@mozilla.org	WARN	Loading extension 'screenshots@mozilla.org': Reading manifest: Invalid extension permission: mozillaAddons
1585639583946	addons.webextension.screenshots@mozilla.org	WARN	Loading extension 'screenshots@mozilla.org': Reading manifest: Invalid extension permission: telemetry
1585639583946	addons.webextension.screenshots@mozilla.org	WARN	Loading extension 'screenshots@mozilla.org': Reading manifest: Invalid extension permission: resource://pdf.js/
1585639583946	addons.webextension.screenshots@mozilla.org	WARN	Loading extension 'screenshots@mozilla.org': Reading manifest: Invalid extension permission: about:reader*
JavaScript error: resource://gre/modules/XULStore.jsm, line 66: Error: Can't find profile directory.
1585639588676	Marionette	INFO	Listening on port 50270
JavaScript error: resource://activity-stream/lib/ActivityStreamPrefs.jsm, line 27: NS_ERROR_ILLEGAL_VALUE: Component returned failure code: 0x80070057 (NS_ERROR_ILLEGAL_VALUE) [nsIPrefBranch.removeObserver]
[Child 4652, Chrome_ChildThread] WARNING: pipe error: 109: file z:/task_1563464451/build/src/ipc/chromium/src/chrome/common/ipc_channel_win.cc, line 341
[Child 4652, Chrome_ChildThread] WARNING: pipe error: 109: file z:/task_1563464451/build/src/ipc/[Child 4976, Chrome_ChildThread] WARNING: pipe error: 109: file z:/task_1563464451/build/src/ipc/chromium/src/chrome/common/ipc_channel_win.cc, line 341
1585639590683	addons.xpi	WARN	Addon with ID amazondotcom@search.mozilla.org already installed, older version will be disabled
1585639590684	addons.xpi-utils	WARN	Error: XPI database modified after shutdown began(resource://gre/modules/addons/XPIDatabase.jsm:1483:17) JS Stack trace: saveChanges@XPIDatabase.jsm:1483:17
makeAddonVisible@XPIDatabase.jsm:2285:10
addToDatabase@XPIDatabase.jsm:2213:12
install@XPIInstall.jsm:4342:27
update@XPIProvider.jsm:2064:13
1585639590684	addons.xpi-utils	WARN	Error: XPI database modified after shutdown began(resource://gre/modules/addons/XPIDatabase.jsm:1483:17) JS Stack trace: saveChanges@XPIDatabase.jsm:1483:17
addToDatabase@XPIDatabase.jsm:2216:10
install@XPIInstall.jsm:4342:27
update@XPIProvider.jsm:2064:13
1585639590685	addons.xpi-utils	WARN	Error: XPI database modified after shutdown began(resource://gre/modules/addons/XPIDatabase.jsm:1483:17) JS Stack trace: saveChanges@XPIDatabase.jsm:1483:17
syncWithDB@XPIProvider.jsm:671:25
addAddon@XPIProvider.jsm:807:14
addAddon@XPIProvider.jsm:1603:21
install@XPIInstall.jsm:4347:17
update@XPIProvider.jsm:2064:13
1585639590875	addons.xpi	WARN	Addon with ID bing@search.mozilla.org already installed, older version will be disabled
1585639590876	addons.xpi-utils	WARN	Error: XPI database modified after shutdown began(resource://gre/modules/addons/XPIDatabase.jsm:1483:17) JS Stack trace: saveChanges@XPIDatabase.jsm:1483:17
makeAddonVisible@XPIDatabase.jsm:2285:10
addToDatabase@XPIDatabase.jsm:2213:12
install@XPIInstall.jsm:4342:27
update@XPIProvider.jsm:2064:13
1585639590876	addons.xpi-utils	WARN	Error: XPI database modified after shutdown began(resource://gre/modules/addons/XPIDatabase.jsm:1483:17) JS Stack trace: saveChanges@XPIDatabase.jsm:1483:17
addToDatabase@XPIDatabase.jsm:2216:10
install@XPIInstall.jsm:4342:27
update@XPIProvider.jsm:2064:13
1585639590876	addons.xpi-utils	WARN	Error: XPI database modified after shutdown began(resource://gre/modules/addons/XPIDatabase.jsm:1483:17) JS Stack trace: saveChanges@XPIDatabase.jsm:1483:17
syncWithDB@XPIProvider.jsm:671:25
addAddon@XPIProvider.jsm:807:14
addAddon@XPIProvider.jsm:1603:21
install@XPIInstall.jsm:4347:17
update@XPIProvider.jsm:2064:13
1585639590888	addons.xpi	WARN	Addon with ID google@search.mozilla.org already installed, older version will be disabled
1585639590889	addons.xpi-utils	WARN	Error: XPI database modified after shutdown began(resource://gre/modules/addons/XPIDatabase.jsm:1483:17) JS Stack trace: saveChanges@XPIDatabase.jsm:1483:17
makeAddonVisible@XPIDatabase.jsm:2285:10
addToDatabase@XPIDatabase.jsm:2213:12
install@XPIInstall.jsm:4342:27
update@XPIProvider.jsm:2064:13
1585639590889	addons.xpi-utils	WARN	Error: XPI database modified after shutdown began(resource://gre/modules/addons/XPIDatabase.jsm:1483:17) JS Stack trace: saveChanges@XPIDatabase.jsm:1483:17
addToDatabase@XPIDatabase.jsm:2216:10
install@XPIInstall.jsm:4342:27
update@XPIProvider.jsm:2064:13
1585639590889	addons.xpi-utils	WARN	Error: XPI database modified after shutdown began(resource://gre/modules/addons/XPIDatabase.jsm:1483:17) JS Stack trace: saveChanges@XPIDatabase.jsm:1483:17
syncWithDB@XPIProvider.jsm:671:25
addAddon@XPIProvider.jsm:807:14
addAddon@XPIProvider.jsm:1603:21
install@XPIInstall.jsm:4347:17
update@XPIProvider.jsm:2064:13
1585639590904	addons.xpi	WARN	Addon with ID twitter@search.mozilla.org already installed, older version will be disabled
1585639590904	addons.xpi-utils	WARN	Error: XPI database modified after shutdown began(resource://gre/modules/addons/XPIDatabase.jsm:1483:17) JS Stack trace: saveChanges@XPIDatabase.jsm:1483:17
makeAddonVisible@XPIDatabase.jsm:2285:10
addToDatabase@XPIDatabase.jsm:2213:12
install@XPIInstall.jsm:4342:27
update@XPIProvider.jsm:2064:13
1585639590905	addons.xpi-utils	WARN	Error: XPI database modified after shutdown began(resource://gre/modules/addons/XPIDatabase.jsm:1483:17) JS Stack trace: saveChanges@XPIDatabase.jsm:1483:17
addToDatabase@XPIDatabase.jsm:2216:10
install@XPIInstall.jsm:4342:27
update@XPIProvider.jsm:2064:13
1585639590905	addons.xpi-utils	WARN	Error: XPI database modified after shutdown began(resource://gre/modules/addons/XPIDatabase.jsm:1483:17) JS Stack trace: saveChanges@XPIDatabase.jsm:1483:17
syncWithDB@XPIProvider.jsm:671:25
addAddon@XPIProvider.jsm:807:14
addAddon@XPIProvider.jsm:1603:21
install@XPIInstall.jsm:4347:17
update@XPIProvider.jsm:2064:13
1585639590941	addons.xpi	WARN	Addon with ID wikipedia@search.mozilla.org already installed, older version will be disabled
1585639590942	addons.xpi-utils	WARN	Error: XPI database modified after shutdown began(resource://gre/modules/addons/XPIDatabase.jsm:1483:17) JS Stack trace: saveChanges@XPIDatabase.jsm:1483:17
makeAddonVisible@XPIDatabase.jsm:2285:10
addToDatabase@XPIDatabase.jsm:2213:12
install@XPIInstall.jsm:4342:27
update@XPIProvider.jsm:2064:13
1585639590942	addons.xpi-utils	WARN	Error: XPI database modified after shutdown began(resource://gre/modules/addons/XPIDatabase.jsm:1483:17) JS Stack trace: saveChanges@XPIDatabase.jsm:1483:17
addToDatabase@XPIDatabase.jsm:2216:10
install@XPIInstall.jsm:4342:27
update@XPIProvider.jsm:2064:13
1585639590942	addons.xpi-utils	WARN	Error: XPI database modified after shutdown began(resource://gre/modules/addons/XPIDatabase.jsm:1483:17) JS Stack trace: saveChanges@XPIDatabase.jsm:1483:17
syncWithDB@XPIProvider.jsm:671:25
addAddon@XPIProvider.jsm:807:14
addAddon@XPIProvider.jsm:1603:21
install@XPIInstall.jsm:4347:17
update@XPIProvider.jsm:2064:13
1585639590955	addons.xpi	WARN	Addon with ID ddg@search.mozilla.org already installed, older version will be disabled
1585639590955	addons.xpi-utils	WARN	Error: XPI database modified after shutdown began(resource://gre/modules/addons/XPIDatabase.jsm:1483:17) JS Stack trace: saveChanges@XPIDatabase.jsm:1483:17
makeAddonVisible@XPIDatabase.jsm:2285:10
addToDatabase@XPIDatabase.jsm:2213:12
install@XPIInstall.jsm:4342:27
update@XPIProvider.jsm:2064:13
1585639590956	addons.xpi-utils	WARN	Error: XPI database modified after shutdown began(resource://gre/modules/addons/XPIDatabase.jsm:1483:17) JS Stack trace: saveChanges@XPIDatabase.jsm:1483:17
addToDatabase@XPIDatabase.jsm:2216:10
install@XPIInstall.jsm:4342:27
update@XPIProvider.jsm:2064:13
1585639590956	addons.xpi-utils	WARN	Error: XPI database modified after shutdown began(resource://gre/modules/addons/XPIDatabase.jsm:1483:17) JS Stack trace: saveChanges@XPIDatabase.jsm:1483:17
syncWithDB@XPIProvider.jsm:671:25
addAddon@XPIProvider.jsm:807:14
addAddon@XPIProvider.jsm:1603:21
install@XPIInstall.jsm:4347:17
update@XPIProvider.jsm:2064:13
[Parent 6636, Gecko_IOThread] WARNING: pipe error: 109: file z:/task_1563464451/build/src/ipc/chromium/src/chrome/common/ipc_channel_win.cc, line 341
[Child 1552, Chrome_ChildThread] WARNING: pipe error: 109: file z:/task_1563464451/build/src/ipc/chromium/src/chrome/common/ipc_channel_win.cc, line 341
[Child 1552, Chro1585639593719	Marionette	INFO	Stopped listening on port 50270
[GPU 7136, 
###!!! [Child][RunMessage] Error: Channel closing: too late to send/recv, messages will be lost

Chrome_Ch\AppData\\Local\\Temp\\rust_mozprofileyqz1lx"
1585639594507	addons.webextension.screenshots@mozilla.org	WARN	Loading extension 'screenshots@mozilla.org': Reading manifest: Invalid extension permission: mozillaAddons
1585639594507	addons.webextension.screenshots@mozilla.org	WARN	Loading extension 'screenshots@mozilla.org': Reading manifest: Invalid extension permission: telemetry
1585639594508	addons.webextension.screenshots@mozilla.org	WARN	Loading extension 'screenshots@mozilla.org': Reading manifest: Invalid extension permission: resource://pdf.js/
1585639594508	addons.webextension.screenshots@mozilla.org	WARN	Loading extension 'screenshots@mozilla.org': Reading manifest: Invalid extension permission: about:reader*
JavaScript error: resource://gre/modules/XULStore.jsm, line 66: Error: Can't find profile directory.
1585639597821	Marionette	INFO	Listening on port 50301
1585639598266	Marionette	WARN	TLS certificate errors will be ignored for this session
1585639600025	Marionette	INFO	Stopped listening on port 50301
JavaScript error: resource://activity-stream/lib/ActivityStreamPrefs.jsm, line 27: NS_ERROR_ILLEGAL_VALUE: Component returned failure code: 0x80070057 (NS_ERROR_ILLEGAL_VALUE) [nsIPrefBranch.removeObserver]
[Child 2480, Chrome_ChildThread] WARNING: pipe error: 109: file z:/task_1563464451/build/src/ipc/chromium/src/chrome/common/ipc_channel_win.cc, line 341
[Child 2480, Chrome_ChildThread] WARNING: pipe error: 109: file z:/ta[Child 4732, Chrome_ChildThread] WARNING: pipe error: 109: file z:/task_1563464451/build/src/ipc/chromium/src/chrome/common/ipc_channel_win.cc, line 341
[Child 4732, Chrome_ChildThread] WARNING: pipe error: 109: file z:/task_1563464451/build/src/ipc/chromium/src/chrome/common/ipc_channel_win.cc, line 341
[Parent 5344, Gecko_IOThread] WARNING: pipe error: 109: file z:/task_1563464451/build/src/ipc/chromium/src/chrome/common/ipc_channel_win.cc, line 341
[Child 724, Chrome_ChildThread] WARNING: pipe error: 109: file z:/task_1563464451/build/src/ipc/chromium/src/chrome/common/ipc_channel_win.cc, line 341
[Child 724, Chrome_ChildThread] WARNING: pipe error: 109: file z:/task_1563464451/build/src/ipc/chromium/src/chrome/common/ipc_channel_win.cc, line 341
console.log: "RemoteSettingsWorker error: UnknownError: The operation failed for reasons unrelated to the database itself and not covered by any other error code."

###!!! [Parent][DispatchAsyncMessage] Error: PBackgroundIDBFactory::Msg_PBackgroundIDBFactoryRequestConstructor Value error: message was deserialized, but contained an illegal value


###!!! [Child][RunMessage] Error: Channel closing: too late to send/recv, messages will be lost

[GPU 474
###!!! [Child][MessageChannel::SendAndWait] Error: Channel error: cannot send/recv

1585639605895	mozrunner::runner	INFO	Running command: "C:\\Program Files\\Firefox Developer Edition\\firefox.exe" "-marionette" "-foreground" "-no-remote" "-profile" "C:\\Users\\Admin\\AppData\\Local\\Temp\\rust_mozprofiledSbSQA"
1585639606919	addons.webextension.screenshots@mozilla.org	WARN	Loading extension 'screenshots@mozilla.org': Reading manifest: Invalid extension permission: mozillaAddons
1585639606920	addons.webextension.screenshots@mozilla.org	WARN	Loading extension 'screenshots@mozilla.org': Reading manifest: Invalid extension permission: telemetry
1585639606920	addons.webextension.screenshots@mozilla.org	WARN	Loading extension 'screenshots@mozilla.org': Reading manifest: Invalid extension permission: resource://pdf.js/
1585639606920	addons.webextension.screenshots@mozilla.org	WARN	Loading extension 'screenshots@mozilla.org': Reading manifest: Invalid extension permission: about:reader*
JavaScript error: resource://gre/modules/XULStore.jsm, line 66: Error: Can't find profile directory.
[Child 1552, Chrome_ChildThread] WARNING: pipe error: 109: file z:/task_1563464451/build/src/ipc/chromium/src/chrome/common/ipc_channel_win.cc, line 341
[Child 1552, Chrome_ChildThread] WARNING: pipe error: 109: file 1585639610632	Marionette	INFO	Listening on port 50334
1585639610806	Marionette	WARN	TLS certificate errors will be ignored for this session
1585639610926	Marionette	INFO	Stopped listening on port 50334
JavaScript error: resource://activity-stream/lib/ActivityStreamPrefs.jsm, line 27: NS_ERROR_ILLEGAL_VALUE: Component returned failure code: 0x80070057 (NS_ERROR_ILLEGAL_VALUE) [nsIPrefBranch.removeObserver]
[Child 2084, Chrome_ChildThread] WARNING: pipe error: 109: file z:/task_1563464451/build/src/ipc/chromium/src/chrome/common/ipc_channel_win.cc, line 341
[Child 2084, Chrome_ChildThread] WARNING: pipe error: 109: file z:/task_1563464451/build/src/ipc/chromium/src/chrome/common/ipc_channel_win.cc, line 341
[Child 1188, Chrome_ChildThread] WARNING: pipe error: 109: file z:/task_1563464451/build/src/ipc/chromium/src/chrome/common/ipc_channel_win.cc, line 341
[Child 1188, Chrome_ChildThread] WARNING: pipe error: 109: file z:/task_1563464451/build/src/ipc/chromium/src/chrome/common/ipc_channel_win.cc, line 341
[Chiconsole.error: (new Error("Transaction canceled due to a closed connection.", "resource://gre/modules/Sqlite.jsm", 613))
console.error: PushService: 
  clearOriginData: Error clearing origin data:
  UnknownError
console.error: PushService: 
  stateChangeProcessEnqueue: Error transitioning state
  UnknownError

###!!! [Parent][DispatchAsyncMessage] Error: PBackgroundIDBFactory::Msg_PBackgroundIDBFactoryRequestConstructor Value error: message was deserialized, but contained an illegal value


###!!! [Parent][DispatchAsyncMessage] Error: PBackgroundIDBFactory::Msg_PBackgroundIDBFactoryRequestConstructor Value error: message was deserialized, but contained an illegal value

JavaScript error: , line 0: UnknownError: The operation failed for reasons unrelated to the database itself and not covered by any other error code.
JavaScript error: , line 0: UnknownError: The operation failed for reasons unrelated to the database itself and not covered by any other error code.
[GPU 212
###!!! [Child][RunMessage] Error: Channel closing: too late to send/recv, messages will be lost

4, Chrome_C1585639796348	mozrunner::runner	INFO	Running command: "C:\\Program Files\\Firefox Developer Edition\\firefox.exe" "-marionette" "-foreground" "-no-remote" "-profile" "C:\\Users\\Admin\\AppData\\Local\\Temp\\rust_mozprofilezZrutv"
1585639797154	addons.webextension.screenshots@mozilla.org	WARN	Loading extension 'screenshots@mozilla.org': Reading manifest: Invalid extension permission: mozillaAddons
1585639797155	addons.webextension.screenshots@mozilla.org	WARN	Loading extension 'screenshots@mozilla.org': Reading manifest: Invalid extension permission: telemetry
1585639797155	addons.webextension.screenshots@mozilla.org	WARN	Loading extension 'screenshots@mozilla.org': Reading manifest: Invalid extension permission: resource://pdf.js/
1585639797155	addons.webextension.screenshots@mozilla.org	WARN	Loading extension 'screenshots@mozilla.org': Reading manifest: Invalid extension permission: about:reader*
JavaScript error: resource://gre/modules/XULStore.jsm, line 66: Error: Can't find profile directory.
1585639800901	Marionette	INFO	Listening on port 50370
1585639801000	Marionette	WARN	TLS certificate errors will be ignored for this session
1585639801933	Marionette	INFO	Stopped listening on port 50370
JavaScript error: resource://activity-stream/lib/ActivityStreamPrefs.jsm, line 27: NS_ERROR_ILLEGAL_VALUE: Component returned failure code: 0x80070057 (NS_ERROR_ILLEGAL_VALUE) [nsIPrefBranch.removeObserver]
[Child 6624, Chrome_ChildThread] WARNING: pipe error: 109: file z:/task_1563464451/build/src/ipc/chromium/src/chrome/common/ipc_channel_win.cc, line 341
[Child 6624, Chrome_ChildThread] WARNING: pipe error: 109: file z:/task_1563464451/build/src/ipc/chromium/src/chrome/common/ipc_channel_win.cc, line 341
[Parent 4684, Gecko_IOThread] WARNING: pipe error: 109: file z:/task_1563464451/build/src/ipc/chromium/src/chrome/common/ipc_channel_win.cc, line 341
[Child 3564, Chrome_ChildThread] WARNING: pipe error: 109: file z:/task_1563464451/build/src/ipc/chromium/src/chrome/common/ipc_channel_win.cc, line 341
[Child 3564, Chrome_ChildThread] WARNING: pipe error: 109: file z:/task_1563464451/build/src/ipc/chromium/src/chrome/common/ipc_channel_win.cc, line 341
JavaScript error: resource://gre/modules/ContentPrefServiceParent.jsm, line 167: NS_ERROR_NOT_INITIALIZED: 
JavaScript error: resource://gre/modules/ContentPrefServiceParent.jsm, line 167: NS_ERROR_NOT_INITIALIZED: 
[Child 6656, Chrome_ChildThread] WARNING: pipe error: 109: file z:/task_1563464451/build/src/ipc/chromium/src/chrome/common/ipc_channel_win.cc, line 341
[Child 6656, Chrome_ChildThread] WARNING: pipe error: 109: file z:/task_1563464JavaScript error: resource://gre/modules/JSONFile.jsm, line 173: Error: Data is not ready.
console.log: "RemoteSettingsWorker error: UnknownError: The operation failed for reasons unrelated to the database itself and not covered by any other error code."

###!!! [Parent][DispatchAsyncMessage] Error: PBackgroundIDBFactory::Msg_PBackgroundIDBFactoryRequestConstructor Value error: message was deserialized, but contained an illegal value


###!!! [Parent][DispatchAsyncMessage] Error: PBackgroundIDBFactory::Msg_PBackgroundIDBFactoryRequestConstructor Value error: message was deserialized, but contained an illegal value

JavaScript error: resource://services-common/kinto-offline-client.js, line 579: Error: IndexedDB getLastModified() The operation failed for reasons unrelated to the database itself and not covered by any other error code.

###!!! [Child][RunMessage] Error: Channel closing: too late to send/recv, messages will be lost

[GPU 6680, Chrome_ChildThread] WARNING: pipe error1585639808231	mozrunner::runner	INFO	Running command: "C:\\Program Files\\Firefox Developer Edition\\firefox.exe" "-marionette" "-foreground" "-no-remote" "-profile" "C:\\Users\\Admin\\AppData\\Local\\Temp\\rust_mozprofile6Q503b"
1585639809325	addons.webextension.screenshots@mozilla.org	WARN	Loading extension 'screenshots@mozilla.org': Reading manifest: Invalid extension permission: mozillaAddons
1585639809325	addons.webextension.screenshots@mozilla.org	WARN	Loading extension 'screenshots@mozilla.org': Reading manifest: Invalid extension permission: telemetry
1585639809325	addons.webextension.screenshots@mozilla.org	WARN	Loading extension 'screenshots@mozilla.org': Reading manifest: Invalid extension permission: resource://pdf.js/
1585639809325	addons.webextension.screenshots@mozilla.org	WARN	Loading extension 'screenshots@mozilla.org': Reading manifest: Invalid extension permission: about:reader*
JavaScript error: resource://gre/modules/XULStore.jsm, line 66: Error: Can't find profile directory.
1585639813174	Marionette	INFO	Listening on port 50396
1585639813232	Marionette	WARN	TLS certificate errors will be ignored for this session
1585639813619	Marionette	INFO	Stopped listening on port 50396
JavaScript error: resource://activity-stream/lib/ActivityStreamPrefs.jsm, line 27: NS_ERROR_ILLEGAL_VALUE: Component returned failure code: 0x80070057 (NS_ERROR_ILLEGAL_VALUE) [nsIPrefBranch.removeObserver]
[Child 5148, Chrome_ChildThread] WARNING: pipe error: 109: file z:/task_1563464451/build/src/ipc/chromium/src/chrome/common/ipc_channel_win.cc, line 341
[Child 5148, Chrome_ChildThread] WARNING: pipe error: 109: file z:/task_1563464451/build/src/ipc/chromium/src/chrome/common/ipc_channel_win.cc, line 341
[Child 3916, Chrome_ChildThread] WARNING: pipe error: 109: file z:/task_1563464451/build/src/ipc/chromium/src/chrome/common/ipc_channel_win.cc, line 341
[Child 3916, Chrome_ChildThread] WARNING: pipe error: 109: file z:/task_1563464451/build/src/ipc/chromium/src/chrome/common/ipc_channel_win.cc, line 341
JavaScript error: resource://gre/modules/JSONFile.jsm, line 173: Error: Data is not ready.
console.error: PushService: 
  clearOriginData: Error clearing origin data:
  UnknownError
console.error: PushService: 
  stateChangeProcessEnqueue: Error transitioning state
  UnknownError

###!!! [Parent][DispatchAsyncMessage] Error: PBackgroundIDBFactory::Msg_PBackgroundIDBFactoryRequestConstructor Value error: message was deserialized, but contained an illegal value


###!!! [Parent][DispatchAsyncMessage] Error: PBackgroundIDBFactory::Msg_PBackgroundIDBFactoryRequestConstructor Value error: message was deserialized, but contained an illegal value

JavaScript error: resource://services-common/kinto-offline-client.js, line 579: Error: IndexedDB getLastModified() The operation failed for reasons unrelated to the database itself and not covered by any other error code.
console.log: "RemoteSettingsWorker error: UnknownError: The operation failed for reasons unrelated to the database itself and not covered by any other error code."
[GPU 4008, Chrome_ChildThread] WARN
###!!! [Child][RunMessage] Error: Channel closing: too late to send/recv, messages will be lost

ING: pipe error: 109: file z:/task_1563464451/build/src/ipc/chromium/src/chrome/common/ipc_channel_win.cc, line 3411585640487289	mozrunner::runner	INFO	Running command: "C:\\Program Files\\Firefox Developer Edition\\firefox.exe" "-marionette" "-foreground" "-no-remote" "-profile" "C:\\Users\\Admin\\AppData\\Local\\Temp\\rust_mozprofileCXonAc"
1585640488267	addons.webextension.screenshots@mozilla.org	WARN	Loading extension 'screenshots@mozilla.org': Reading manifest: Invalid extension permission: mozillaAddons
1585640488267	addons.webextension.screenshots@mozilla.org	WARN	Loading extension 'screenshots@mozilla.org': Reading manifest: Invalid extension permission: telemetry
1585640488267	addons.webextension.screenshots@mozilla.org	WARN	Loading extension 'screenshots@mozilla.org': Reading manifest: Invalid extension permission: resource://pdf.js/
1585640488267	addons.webextension.screenshots@mozilla.org	WARN	Loading extension 'screenshots@mozilla.org': Reading manifest: Invalid extension permission: about:reader*
JavaScript error: resource://gre/modules/XULStore.jsm, line 66: Error: Can't find profile directory.
1585640492138	Marionette	INFO	Listening on port 50602
1585640492193	Marionette	WARN	TLS certificate errors will be ignored for this session
1585640494372	Marionette	INFO	Stopped listening on port 50602
JavaScript error: resource://activity-stream/lib/ActivityStreamPrefs.jsm, line 27: NS_ERROR_ILLEGAL_VALUE: Component returned failure code: 0x80070057 (NS_ERROR_ILLEGAL_VALUE) [nsIPrefBranch.removeObserver]
[Child 4408, Chrome_ChildThread] WARNING: pipe error: 109: file z:/task_1563464451/build/src/ipc/chromium/src/chrome/common/ipc_channel_win.cc, line 341
[Child 4408, Chrome_ChildThread] WARNING: pipe error: 109: file z:/task_1563464451/build/src/ipc/chromium/src/chrome/common/ipc_channel_win.cc, line 341
[Parent 5020, Gecko_IOThread] WARNING: pipe error: 109: file z:/task_1563464451/build/src/ipc/chromium/src/chrome/common/ipc_channel_win.cc, line 341
[Child 288, Chrome_ChildThread] WARNING: pipe error: 109: file z:/task_1563464451/build/src/ipc/chromium/src/chrome/common/ipc_channel_win.cc, line 341
[Child 288, Chrome_ChildThread] WARNING: pipe error: 109: file z:/task_1563464451/build/src/ipc/chromium/src/chrome/common/ipc_channel_win.cc, line 341JavaScript error: resource://gre/modules/ContentPrefServiceParent.jsm, line 167: NS_ERROR_NOT_INITIALIZED: 
JavaScript error: resource://gre/modules/ContentPrefServiceParent.jsm, line 167: NS_ERROR_NOT_INITIALIZED: 
[Child 4680, Chrome_ChildThread] WARNING: pipe error: 109: file z:/task_1563464451/build/src/ipc/chromium/src/chrome/common/ipc_channel_win.cc, line 341
[Child 4680, Chrome_ChildThread] WARNING: pipe error: 109: file z:/task_1563464451/build/src/ipc/chromium/src/chrome/common/ipc_channel_win.cc, line 341
JavaScript error: resource://gre/modules/ExtensionSettingsStore.jsm, line 117: Error: The ExtensionSettingsStore was accessed before the initialize promise resolved.
JavaScript error: resource://gre/modules/Sqlite.jsm, line 912: Error: Connection is not open.
console.log: "RemoteSettingsWorker error: UnknownError: The operation failed for reasons unrelated to the database itself and not covered by any other error code."

###!!! [Parent][DispatchAsyncMessage] Error: PBackgroundIDBFactory::Msg_PBackgroundIDBFactoryRequestConstructor Value error: message was deserialized, but contained an illegal value


###!!! [Child][RunMessage] Error: Channel closing: too late to send/recv, messages will be lost

[GPU 3572, Chrome_ChildThread] W1585640500458	mozrunner::runner	INFO	Running command: "C:\\Program Files\\Firefox Developer Edition\\firefox.exe" "-marionette" "-foreground" "-no-remote" "-profile" "C:\\Users\\Admin\\AppData\\Local\\Temp\\rust_mozprofile3lipe8"
1585640501635	addons.webextension.screenshots@mozilla.org	WARN	Loading extension 'screenshots@mozilla.org': Reading manifest: Invalid extension permission: mozillaAddons
1585640501635	addons.webextension.screenshots@mozilla.org	WARN	Loading extension 'screenshots@mozilla.org': Reading manifest: Invalid extension permission: telemetry
1585640501635	addons.webextension.screenshots@mozilla.org	WARN	Loading extension 'screenshots@mozilla.org': Reading manifest: Invalid extension permission: resource://pdf.js/
1585640501635	addons.webextension.screenshots@mozilla.org	WARN	Loading extension 'screenshots@mozilla.org': Reading manifest: Invalid extension permission: about:reader*
JavaScript error: resource://gre/modules/XULStore.jsm, line 66: Error: Can't find profile directory.
1585640504917	Marionette	INFO	Listening on port 50636
1585640505363	Marionette	WARN	TLS certificate errors will be ignored for this session
1585640506686	Marionette	INFO	Stopped listening on port 50636
JavaScript error: resource://activity-stream/lib/ActivityStreamPrefs.jsm, line 27: NS_ERROR_ILLEGAL_VALUE: Component returned failure code: 0x80070057 (NS_ERROR_ILLEGAL_VALUE) [nsIPrefBranch.removeObserver]
[Child 7656, Chrome_ChildThread] WARNING: pipe error: 109: file z:/task_1563464451/build/src/ipc/chromium/src/chrome/common/ipc_channel_win.cc, line 341
[Child 7656, Chrome_ChildThread] WARNING: pipe error: 109: file z:/task_1563464451/build/src/ipc/chromium/src/chrome/common/ipc_channel_win.cc, line 341
[Child 7704, Chrome_ChildThread] WARNING: pipe error: 109: file z:/task_1563464451/build/src/ipc/chromium/src/chrome/common/ipc_channel_win.cc, line 341
[Child 7704, Chrome_ChildThread] WARNING: pipe error: 109: file z:/task_1563464451/build/sr[Child 76JavaScript error: resource://gre/modules/ExtensionSettingsStore.jsm, line 117: Error: The ExtensionSettingsStore was accessed before the initialize promise resolved.
JavaScript error: resource://gre/modules/Sqlite.jsm, line 912: Error: Connection is not open.
console.log: "RemoteSettingsWorker error: UnknownError: The operation failed for reasons unrelated to the database itself and not covered by any other error code."

###!!! [Parent][DispatchAsyncMessage] Error: PBackgroundIDBFactory::Msg_PBackgroundIDBFactoryRequestConstructor Value error: message was deserialized, but contained an illegal value


###!!! [Child][RunMessage] Error: Channel closing: too late to send/recv, messages will be lost

[GPU 7544, Chrome_ChildThread] WARNING: pipe error1585640512076	mozrunner::runner	INFO	Running command: "C:\\Program Files\\Firefox Developer Edition\\firefox.exe" "-marionette" "-foreground" "-no-remote" "-profile" "C:\\Users\\Admin\\AppData\\Local\\Temp\\rust_mozprofileGkre8u"
1585640513255	addons.webextension.screenshots@mozilla.org	WARN	Loading extension 'screenshots@mozilla.org': Reading manifest: Invalid extension permission: mozillaAddons
1585640513255	addons.webextension.screenshots@mozilla.org	WARN	Loading extension 'screenshots@mozilla.org': Reading manifest: Invalid extension permission: telemetry
1585640513255	addons.webextension.screenshots@mozilla.org	WARN	Loading extension 'screenshots@mozilla.org': Reading manifest: Invalid extension permission: resource://pdf.js/
1585640513256	addons.webextension.screenshots@mozilla.org	WARN	Loading extension 'screenshots@mozilla.org': Reading manifest: Invalid extension permission: about:reader*
JavaScript error: resource://gre/modules/XULStore.jsm, line 66: Error: Can't find profile directory.
1585640516565	Marionette	INFO	Listening on port 50670
1585640516572	Marionette	WARN	TLS certificate errors will be ignored for this session
1585640517637	Marionette	INFO	Stopped listening on port 50670
JavaScript error: resource://activity-stream/lib/ActivityStreamPrefs.jsm, line 27: NS_ERROR_ILLEGAL_VALUE: Component returned failure code: 0x80070057 (NS_ERROR_ILLEGAL_VALUE) [nsIPrefBranch.removeObserver]
[Child 4416, Chrome_ChildThread] WARNING: pipe error: 109: file z:/task_1563464451/build/src/ipc/chromium/src/chrome/common/ipc_channel_win.cc, line 341
[Child 4416, Chrome_ChildThread] WARNING: pipe error: 109: file z:/task_1563464451/build/src/ipc/chromium/src/chrome/common/ipc_channel_win.cc, line 341
[Child 872, Chrome_ChildThread] WARNING: pipe error: 109: file z:/task_1563464451/build/src/ipc/chromium/src/chrome/common/ipc_channel_win.cc, line 341
[Child 872, Chrome_ChildThread] WARNING: pipe error: 109: file z:/task_1563464451/build/src/ipc/chromium/src/chrome/common/ipc_channel_win.cc, line 341
[Child 4732, Chrome_ChildThread] WARNING: pipe error: 109: file z:/task_1563464451/build/src/ipc/chromium/src/chrome/common/ipc_channel_win.cc, line 341
[Child 4732, Chrome_ChildThread] WARNING: pipe error: 109: file z:/task_1563464451/build/src/i[Parent 4748, Gecko_IOThread] WARNING: file z:/task_1563464451/build/src/ipc/chromium/src/base/process_util_win.cc, line 160
console.error: PushService: 
  clearOriginData: Error clearing origin data:
  UnknownError
console.error: PushService: 
  stateChangeProcessEnqueue: Error transitioning state
  UnknownError

###!!! [Parent][DispatchAsyncMessage] Error: PBackgroundIDBFactory::Msg_PBackgroundIDBFactoryRequestConstructor Value error: message was deserialized, but contained an illegal value


###!!! [Parent][DispatchAsyncMessage] Error: PBackgroundIDBFactory::Msg_PBackgroundIDBFactoryRequestConstructor Value error: message was deserialized, but contained an illegal value

JavaScript error: resource://services-common/kinto-offline-client.js, line 579: Error: IndexedDB getLastModified() The operation failed for reasons unrelated to the database itself and not covered by any other error code.
console.log: "RemoteSettingsWorker error: UnknownError: The operation failed for reasons unrelated to the database itself and not covered by any other error code."

###!!! [Child][RunMessage] Error: Channel closing: too late to send/recv, messages will be lost

[GPU 3708, Chrome_ChildThr
###!!! [Child][MessageChannel::SendAndWait] Error: Channel error: cannot send/recv

